<?xml version="1.0" encoding="UTF-8"?><testrun name="TestGame" project="MonopolyGame" tests="17" started="17" failures="1" errors="0" ignored="0">
  <testsuite name="tests.TestGame" time="4.313">
    <testcase name="landsOnNothingSpecial" classname="tests.TestGame" time="0.002"/>
    <testcase name="play20Rounds" classname="tests.TestGame" time="0.0"/>
    <testcase name="landOnGo" classname="tests.TestGame" time="0.0"/>
    <testcase name="startsOnGo" classname="tests.TestGame" time="0.0"/>
    <testcase name="testRoll7" classname="tests.TestGame" time="0.001"/>
    <testcase name="playerLandsIncomeTax1800" classname="tests.TestGame" time="4.3"/>
    <testcase name="playerLandsIncomeTax2000" classname="tests.TestGame" time="0.0"/>
    <testcase name="playerLandsIncomeTax2200" classname="tests.TestGame" time="0.007">
      <failure>java.lang.AssertionError: expected:&lt;2000&gt; but was:&lt;1980&gt;&#13;
	at org.junit.Assert.fail(Assert.java:88)&#13;
	at org.junit.Assert.failNotEquals(Assert.java:834)&#13;
	at org.junit.Assert.assertEquals(Assert.java:645)&#13;
	at org.junit.Assert.assertEquals(Assert.java:631)&#13;
	at tests.TestGame.playerLandsIncomeTax2200(TestGame.java:236)&#13;
	at sun.reflect.NativeMethodAccessorImpl.invoke0(Native Method)&#13;
	at sun.reflect.NativeMethodAccessorImpl.invoke(Unknown Source)&#13;
	at sun.reflect.DelegatingMethodAccessorImpl.invoke(Unknown Source)&#13;
	at java.lang.reflect.Method.invoke(Unknown Source)&#13;
	at org.junit.runners.model.FrameworkMethod$1.runReflectiveCall(FrameworkMethod.java:50)&#13;
	at org.junit.internal.runners.model.ReflectiveCallable.run(ReflectiveCallable.java:12)&#13;
	at org.junit.runners.model.FrameworkMethod.invokeExplosively(FrameworkMethod.java:47)&#13;
	at org.junit.internal.runners.statements.InvokeMethod.evaluate(InvokeMethod.java:17)&#13;
	at org.junit.runners.ParentRunner.runLeaf(ParentRunner.java:325)&#13;
	at org.junit.runners.BlockJUnit4ClassRunner.runChild(BlockJUnit4ClassRunner.java:78)&#13;
	at org.junit.runners.BlockJUnit4ClassRunner.runChild(BlockJUnit4ClassRunner.java:57)&#13;
	at org.junit.runners.ParentRunner$3.run(ParentRunner.java:290)&#13;
	at org.junit.runners.ParentRunner$1.schedule(ParentRunner.java:71)&#13;
	at org.junit.runners.ParentRunner.runChildren(ParentRunner.java:288)&#13;
	at org.junit.runners.ParentRunner.access$000(ParentRunner.java:58)&#13;
	at org.junit.runners.ParentRunner$2.evaluate(ParentRunner.java:268)&#13;
	at org.junit.runners.ParentRunner.run(ParentRunner.java:363)&#13;
	at org.eclipse.jdt.internal.junit4.runner.JUnit4TestReference.run(JUnit4TestReference.java:86)&#13;
	at org.eclipse.jdt.internal.junit.runner.TestExecution.run(TestExecution.java:38)&#13;
	at org.eclipse.jdt.internal.junit.runner.RemoteTestRunner.runTests(RemoteTestRunner.java:459)&#13;
	at org.eclipse.jdt.internal.junit.runner.RemoteTestRunner.runTests(RemoteTestRunner.java:678)&#13;
	at org.eclipse.jdt.internal.junit.runner.RemoteTestRunner.run(RemoteTestRunner.java:382)&#13;
	at org.eclipse.jdt.internal.junit.runner.RemoteTestRunner.main(RemoteTestRunner.java:192)&#13;
&#13;
</failure>
    </testcase>
    <testcase name="validatePlayers" classname="tests.TestGame" time="0.0"/>
    <testcase name="movesPastGo" classname="tests.TestGame" time="0.001"/>
    <testcase name="testRollLate" classname="tests.TestGame" time="0.0"/>
    <testcase name="landsOnJustVisiting" classname="tests.TestGame" time="0.0"/>
    <testcase name="passesJail" classname="tests.TestGame" time="0.0"/>
    <testcase name="playerLandsIncomeTax0" classname="tests.TestGame" time="0.0"/>
    <testcase name="play20RoundsVerifyPlayerIntegrity" classname="tests.TestGame" time="0.001"/>
    <testcase name="createGameTwoPlayers" classname="tests.TestGame" time="0.0"/>
    <testcase name="passesGoTwice" classname="tests.TestGame" time="0.001"/>
  </testsuite>
</testrun>
